[32m[I 201222 15:39:17 script_push_ap_group:28][39m Welcome!
[32m[I 201222 15:39:17 script_push_ap_group:54][39m Please hold-on while preparing the configuration ...
[32m[I 201222 15:39:17 script_push_ap_group:70][39m Pushing AP_Group configuration
[32m[I 201222 15:39:19 script_push_ap_group:99][39m Configuration pushed successfully after: 2.6 sec
[32m[I 201222 15:41:01 script_push_ap_group:28][39m Welcome!
[32m[I 201222 15:41:26 script_push_ap_group:54][39m Please hold-on while preparing the configuration ...
[32m[I 201222 15:41:26 script_push_ap_group:70][39m Pushing AP_Group configuration
[32m[I 201222 15:41:28 script_push_ap_group:99][39m Configuration pushed successfully after: 27.08 sec
[32m[I 201222 16:20:52 script_push_ap_group:30][39m Welcome!
[32m[I 201222 16:21:15 script_push_ap_group:56][39m Please hold-on while preparing the configuration ...
[32m[I 201222 16:21:50 script_push_ap_group:30][39m Welcome!
[32m[I 201222 16:22:12 script_push_ap_group:30][39m Welcome!
[32m[I 201222 16:23:31 script_push_ap_group:30][39m Welcome!
[32m[I 201222 16:23:49 script_push_ap_group:56][39m Please hold-on while preparing the configuration ...
[32m[I 201222 16:23:49 script_push_ap_group:72][39m Pushing AP_Group configuration
[32m[I 201222 16:23:51 script_push_ap_group:101][39m Configuration pushed successfully after: 20.69 sec
[32m[I 201223 00:34:48 script_push_ap_group:18][39m Welcome!
[32m[I 201223 00:35:05 script_push_ap_group:18][39m Welcome!
[32m[I 201223 00:35:22 script_push_ap_group:41][39m Please hold-on while preparing the configuration ...
[32m[I 201223 00:35:22 script_push_ap_group:50][39m Pushing AP_Group configuration
[32m[I 201223 00:38:15 script_push_ap_group:18][39m Welcome!
[32m[I 201223 00:38:19 script_push_ap_group:41][39m Please hold-on while preparing the configuration ...
[32m[I 201223 00:38:19 script_push_ap_group:50][39m Pushing AP_Group configuration
[32m[I 201223 00:38:40 script_push_ap_group:18][39m Welcome!
[32m[I 201223 00:38:44 script_push_ap_group:41][39m Please hold-on while preparing the configuration ...
[32m[I 201223 00:38:44 script_push_ap_group:50][39m Pushing AP_Group configuration
[32m[I 201223 00:40:33 script_push_ap_group:18][39m Welcome!
[32m[I 201223 00:40:36 script_push_ap_group:41][39m Please hold-on while preparing the configuration ...
[32m[I 201223 00:40:36 script_push_ap_group:50][39m Pushing AP_Group configuration
[32m[I 201223 00:40:39 script_push_ap_group:81][39m Configuration pushed successfully after: 5.5 sec
[32m[I 201223 00:42:43 script_push_ap_group:18][39m Welcome!
[32m[I 201223 00:42:47 script_push_ap_group:41][39m Please hold-on while preparing the configuration ...
[32m[I 201223 00:42:47 script_push_ap_group:50][39m Pushing AP_Group configuration
[32m[I 201223 00:42:49 script_push_ap_group:81][39m Configuration pushed successfully after: 6.03 sec
[32m[I 201223 00:44:45 script_push_ap_group:18][39m Welcome!
[32m[I 201223 00:44:48 script_push_ap_group:41][39m Please hold-on while preparing the configuration ...
[32m[I 201223 00:44:48 script_push_ap_group:50][39m Pushing AP_Group configuration
[32m[I 201223 10:45:25 script_push_ap_group:18][39m Welcome!
[32m[I 201223 10:46:12 script_push_ap_group:18][39m Welcome!
[32m[I 201223 10:46:15 script_push_ap_group:54][39m Please hold-on while preparing the configuration ...
[32m[I 201223 10:46:15 script_push_ap_group:63][39m Pushing AP_Group configuration
[32m[I 201223 10:46:18 script_push_ap_group:93][39m Configuration pushed successfully after: 5.84 sec
[32m[I 201223 14:13:37 script_push_ap_group:18][39m Welcome!
[32m[I 201223 14:13:40 script_push_ap_group:43][39m Please hold-on while preparing the configuration ...
[32m[I 201223 14:13:40 script_push_ap_group:52][39m Pushing AP_Group configuration
[32m[I 201223 14:13:42 script_push_ap_group:73][39m Configuration pushed successfully after: 5.48 sec
[32m[I 201223 15:10:07 script_push_ap_group:18][39m Welcome!
[32m[I 201223 15:10:10 script_push_ap_group:43][39m Please hold-on while preparing the configuration ...
[32m[I 201223 15:10:10 script_push_ap_group:52][39m Pushing AP_Group configuration
[32m[I 201223 15:10:12 script_push_ap_group:73][39m Configuration pushed successfully after: 5.51 sec
[32m[I 201223 15:19:47 script_push_ap_group:18][39m Welcome!
[32m[I 201223 15:19:51 script_push_ap_group:43][39m Please hold-on while preparing the configuration ...
[32m[I 201223 15:19:51 script_push_ap_group:52][39m Pushing AP_Group configuration
[32m[I 201223 15:19:53 script_push_ap_group:73][39m Configuration pushed successfully after: 5.79 sec
[32m[I 201223 16:17:51 script_push_ap_group:18][39m Welcome!
[32m[I 201223 16:17:54 script_push_ap_group:43][39m Please hold-on while preparing the configuration ...
[32m[I 201223 16:17:54 script_push_ap_group:52][39m Pushing AP_Group configuration
[32m[I 201223 17:13:14 script_push_ap_group:18][39m Welcome!
[32m[I 201223 17:13:17 script_push_ap_group:41][39m Please hold-on while preparing the configuration ...
[32m[I 201223 17:13:17 script_push_ap_group:50][39m Pushing AP_Group configuration
[32m[I 201223 17:13:20 script_push_ap_group:71][39m Configuration pushed successfully after: 6.79 sec
[32m[I 201223 17:28:19 script_push_ap_group:18][39m Welcome!
[32m[I 201223 17:28:22 script_push_ap_group:41][39m Please hold-on while preparing the configuration ...
[32m[I 201223 17:28:22 script_push_ap_group:50][39m Pushing AP_Group configuration
[32m[I 201223 17:28:25 script_push_ap_group:72][39m Configuration pushed successfully after: 6.17 sec
[32m[I 201224 01:47:45 script_push_ap_group:30][39m Welcome!
[32m[I 201224 01:47:49 script_push_ap_group:51][39m Please hold-on while preparing the configuration ...
[32m[I 201224 01:47:49 script_push_ap_group:60][39m Pushing AP_Group configuration
[31m[E 201224 01:47:50 script_push_ap_group:78][39m There is no valid ap-group data. The script is quitting.
[32m[I 201224 02:19:44 script_push_ap_group:30][39m Welcome!
[32m[I 201224 02:19:48 script_push_ap_group:51][39m Please hold-on while preparing the configuration ...
[32m[I 201224 02:19:48 script_push_ap_group:60][39m Pushing AP_Group configuration
[31m[E 201224 02:19:49 script_push_ap_group:78][39m There is no valid ap-group data. The script is quitting.
[32m[I 201225 01:52:57 script_push_ap_group:30][39m Welcome!
[32m[I 201225 01:53:01 script_push_ap_group:51][39m Please hold-on while preparing the configuration ...
[32m[I 201225 01:53:01 script_push_ap_group:60][39m Pushing AP_Group configuration
[32m[I 201225 01:53:49 script_push_ap_group:30][39m Welcome!
[32m[I 201225 01:53:52 script_push_ap_group:51][39m Please hold-on while preparing the configuration ...
[32m[I 201225 01:53:52 script_push_ap_group:60][39m Pushing AP_Group configuration
[32m[I 201225 02:03:52 script_push_ap_group:30][39m Welcome!
[32m[I 201225 02:04:00 script_push_ap_group:51][39m Please hold-on while preparing the configuration ...
[32m[I 201225 02:04:00 script_push_ap_group:60][39m Pushing AP_Group configuration
[32m[I 201225 02:04:46 script_push_ap_group:30][39m Welcome!
[32m[I 201225 02:04:49 script_push_ap_group:51][39m Please hold-on while preparing the configuration ...
[32m[I 201225 02:04:49 script_push_ap_group:60][39m Pushing AP_Group configuration
[32m[I 201225 02:05:49 script_push_ap_group:30][39m Welcome!
[32m[I 201225 02:05:52 script_push_ap_group:51][39m Please hold-on while preparing the configuration ...
[32m[I 201225 02:05:52 script_push_ap_group:60][39m Pushing AP_Group configuration
[32m[I 201225 02:11:17 script_push_ap_group:30][39m Welcome!
[32m[I 201225 02:11:22 script_push_ap_group:51][39m Please hold-on while preparing the configuration ...
[32m[I 201225 02:11:22 script_push_ap_group:60][39m Pushing AP_Group configuration
[32m[I 201225 02:14:57 script_push_ap_group:30][39m Welcome!
[32m[I 201225 02:15:24 script_push_ap_group:51][39m Please hold-on while preparing the configuration ...
[32m[I 201225 02:15:28 script_push_ap_group:60][39m Pushing AP_Group configuration
[32m[I 201225 02:19:07 script_push_ap_group:30][39m Welcome!
[32m[I 201225 02:19:20 script_push_ap_group:51][39m Please hold-on while preparing the configuration ...
[32m[I 201225 02:19:20 script_push_ap_group:60][39m Pushing AP_Group configuration
[32m[I 201225 02:24:37 script_push_ap_group:30][39m Welcome!
[32m[I 201225 02:24:40 script_push_ap_group:51][39m Please hold-on while preparing the configuration ...
[32m[I 201225 02:24:40 script_push_ap_group:60][39m Pushing AP_Group configuration
[32m[I 201225 02:30:45 script_push_ap_group:30][39m Welcome!
[32m[I 201225 02:30:49 script_push_ap_group:51][39m Please hold-on while preparing the configuration ...
[32m[I 201225 02:30:49 script_push_ap_group:60][39m Pushing AP_Group configuration
[32m[I 201225 02:34:56 script_push_ap_group:30][39m Welcome!
[32m[I 201225 02:34:59 script_push_ap_group:51][39m Please hold-on while preparing the configuration ...
[32m[I 201225 02:34:59 script_push_ap_group:60][39m Pushing AP_Group configuration
[32m[I 201225 02:35:41 script_push_ap_group:30][39m Welcome!
[32m[I 201225 02:35:44 script_push_ap_group:51][39m Please hold-on while preparing the configuration ...
[32m[I 201225 02:35:44 script_push_ap_group:60][39m Pushing AP_Group configuration
[32m[I 201225 02:44:12 script_push_ap_group:30][39m Welcome!
[32m[I 201225 02:44:15 script_push_ap_group:51][39m Please hold-on while preparing the configuration ...
[32m[I 201225 02:44:15 script_push_ap_group:60][39m Pushing AP_Group configuration
[32m[I 201225 02:45:00 script_push_ap_group:30][39m Welcome!
[32m[I 201225 02:45:03 script_push_ap_group:51][39m Please hold-on while preparing the configuration ...
[32m[I 201225 02:45:03 script_push_ap_group:60][39m Pushing AP_Group configuration
[32m[I 201225 02:51:31 script_push_ap_group:30][39m Welcome!
[32m[I 201225 02:51:34 script_push_ap_group:51][39m Please hold-on while preparing the configuration ...
[32m[I 201225 02:51:34 script_push_ap_group:60][39m Pushing AP_Group configuration
[32m[I 201225 02:55:00 script_push_ap_group:30][39m Welcome!
[32m[I 201225 02:55:03 script_push_ap_group:51][39m Please hold-on while preparing the configuration ...
[32m[I 201225 02:55:03 script_push_ap_group:60][39m Pushing AP_Group configuration
[32m[I 201225 02:55:13 script_push_ap_group:23][39m Configuration pushed successfully after: 13.34 sec
[32m[I 201225 02:57:59 script_push_ap_group:30][39m Welcome!
[32m[I 201225 02:58:02 script_push_ap_group:51][39m Please hold-on while preparing the configuration ...
[32m[I 201225 02:58:02 script_push_ap_group:60][39m Pushing AP_Group configuration
[32m[I 201225 02:58:06 script_push_ap_group:23][39m Configuration pushed successfully after: 7.08 sec
[32m[I 201225 03:09:57 script_push_ap_group:30][39m Welcome!
[32m[I 201225 03:10:00 script_push_ap_group:51][39m Please hold-on while preparing the configuration ...
[32m[I 201225 03:10:00 script_push_ap_group:60][39m Pushing AP_Group configuration
[32m[I 201225 03:10:04 script_push_ap_group:23][39m Configuration pushed successfully after: 7.14 sec
[32m[I 201225 03:13:36 script_push_ap_group:30][39m Welcome!
[32m[I 201225 03:13:39 script_push_ap_group:51][39m Please hold-on while preparing the configuration ...
[32m[I 201225 03:13:39 script_push_ap_group:60][39m Pushing AP_Group configuration
[32m[I 201225 03:13:43 script_push_ap_group:23][39m Configuration pushed successfully after: 7.47 sec
[32m[I 201225 03:19:06 script_push_ap_group:30][39m Welcome!
[32m[I 201225 03:19:09 script_push_ap_group:51][39m Please hold-on while preparing the configuration ...
[32m[I 201225 03:19:09 script_push_ap_group:60][39m Pushing AP_Group configuration
[32m[I 201225 03:19:13 script_push_ap_group:23][39m Configuration pushed successfully after: 7.12 sec
[32m[I 201225 03:20:56 script_push_ap_group:30][39m Welcome!
[32m[I 201225 03:21:01 script_push_ap_group:51][39m Please hold-on while preparing the configuration ...
[32m[I 201225 03:21:01 script_push_ap_group:60][39m Pushing AP_Group configuration
[32m[I 201225 03:21:05 script_push_ap_group:23][39m Configuration pushed successfully after: 9.42 sec
[32m[I 210119 16:21:18 script_push_ap_group:30][39m Welcome!
[32m[I 210121 17:04:56 script_push_ap_group:30][39m Welcome!
[32m[I 210121 17:05:02 script_push_ap_group:51][39m Please hold-on while preparing the configuration ...
[32m[I 210121 17:05:02 script_push_ap_group:60][39m Pushing AP_Group configuration
[33m[W 210121 17:05:02 script_push_ap_group:68][39m The input file template_ap-group_list.txt contain an invalid             AP-Group format.
